<?xml version="1.0" encoding="UTF-8" standalone="no"?>
<!DOCTYPE log SYSTEM "logger.dtd">
<log>
<record>
  <date>2019-12-17T15:25:25</date>
  <millis>1576576525933</millis>
  <sequence>0</sequence>
  <level>START</level>
  <class>com.kms.katalon.core.logging.XmlKeywordLogger</class>
  <method>startSuite</method>
  <thread>1</thread>
  <message>Start Test Suite : Test Suites/Login/LoginChrome</message>
  <nestedLevel>0</nestedLevel>
  <property name="name">LoginChrome</property>
  <property name="description"></property>
  <property name="id">Test Suites/Login/LoginChrome</property>
</record>
<record>
  <date>2019-12-17T15:25:25</date>
  <millis>1576576525991</millis>
  <sequence>1</sequence>
  <level>RUN_DATA</level>
  <class>com.kms.katalon.core.logging.XmlKeywordLogger</class>
  <method>logMessage</method>
  <thread>1</thread>
  <message>hostName = KayyalV - HYD003686.pii.pxl.int</message>
  <nestedLevel>0</nestedLevel>
  <property name="hostName">KayyalV - HYD003686.pii.pxl.int</property>
</record>
<record>
  <date>2019-12-17T15:25:26</date>
  <millis>1576576526014</millis>
  <sequence>2</sequence>
  <level>RUN_DATA</level>
  <class>com.kms.katalon.core.logging.XmlKeywordLogger</class>
  <method>logMessage</method>
  <thread>1</thread>
  <message>os = Windows 10 64bit</message>
  <nestedLevel>0</nestedLevel>
  <property name="os">Windows 10 64bit</property>
</record>
<record>
  <date>2019-12-17T15:25:26</date>
  <millis>1576576526015</millis>
  <sequence>3</sequence>
  <level>RUN_DATA</level>
  <class>com.kms.katalon.core.logging.XmlKeywordLogger</class>
  <method>logMessage</method>
  <thread>1</thread>
  <message>hostAddress = 172.28.105.30</message>
  <nestedLevel>0</nestedLevel>
  <property name="hostAddress">172.28.105.30</property>
</record>
<record>
  <date>2019-12-17T15:25:26</date>
  <millis>1576576526016</millis>
  <sequence>4</sequence>
  <level>RUN_DATA</level>
  <class>com.kms.katalon.core.logging.XmlKeywordLogger</class>
  <method>logMessage</method>
  <thread>1</thread>
  <message>katalonVersion = null.null</message>
  <nestedLevel>0</nestedLevel>
  <property name="katalonVersion">null.null</property>
</record>
<record>
  <date>2019-12-17T15:25:26</date>
  <millis>1576576526315</millis>
  <sequence>5</sequence>
  <level>START</level>
  <class>com.kms.katalon.core.logging.XmlKeywordLogger</class>
  <method>startTest</method>
  <thread>1</thread>
  <message>Start Test Case : Test Cases/MAPs/LogIn</message>
  <nestedLevel>1</nestedLevel>
  <property name="name">Test Cases/MAPs/LogIn</property>
  <property name="description"></property>
  <property name="id">Test Cases/MAPs/LogIn</property>
  <property name="source">C:\\Users\\KayyalV\\git\\KatalonStudioPOC\\KatalonStudioPOC\\Test Cases\\MAPs\\LogIn.tc</property>
  <property name="tag"></property>
  <property name="isOptional">false</property>
</record>
<record>
  <date>2019-12-17T15:25:26</date>
  <millis>1576576526747</millis>
  <sequence>7</sequence>
  <level>START</level>
  <class>com.kms.katalon.core.logging.XmlKeywordLogger</class>
  <method>startKeyword</method>
  <thread>1</thread>
  <message>Start action : openBrowser(\&amp;quot;https://pxl-awe-dvt-mapweb-ui-teamo-ft.azurewebsites.net/\&amp;quot;)</message>
  <nestedLevel>1</nestedLevel>
  <property name="startLine">19</property>
  <property name="stepIndex">1</property>
</record>
<record>
  <date>2019-12-17T15:25:27</date>
  <millis>1576576527252</millis>
  <sequence>9</sequence>
  <level>INFO</level>
  <class>com.kms.katalon.core.logging.XmlKeywordLogger</class>
  <method>logMessage</method>
  <thread>1</thread>
  <message>Starting &amp;apos;Chrome&amp;apos; driver</message>
  <nestedLevel>1</nestedLevel>
</record>
<record>
  <date>2019-12-17T15:25:27</date>
  <millis>1576576527297</millis>
  <sequence>11</sequence>
  <level>INFO</level>
  <class>com.kms.katalon.core.logging.XmlKeywordLogger</class>
  <method>logMessage</method>
  <thread>1</thread>
  <message>Action delay is set to 0 seconds</message>
  <nestedLevel>1</nestedLevel>
</record>
<record>
  <date>2019-12-17T15:25:31</date>
  <millis>1576576531287</millis>
  <sequence>13</sequence>
  <level>RUN_DATA</level>
  <class>com.kms.katalon.core.logging.XmlKeywordLogger</class>
  <method>logMessage</method>
  <thread>1</thread>
  <message>sessionId = 1c9c12f5dd67e6b94dd15b4bd310ed86</message>
  <nestedLevel>1</nestedLevel>
  <property name="sessionId">1c9c12f5dd67e6b94dd15b4bd310ed86</property>
</record>
<record>
  <date>2019-12-17T15:25:31</date>
  <millis>1576576531308</millis>
  <sequence>14</sequence>
  <level>RUN_DATA</level>
  <class>com.kms.katalon.core.logging.XmlKeywordLogger</class>
  <method>logMessage</method>
  <thread>1</thread>
  <message>browser = Chrome 78.0.3904.108</message>
  <nestedLevel>1</nestedLevel>
  <property name="browser">Chrome 78.0.3904.108</property>
</record>
<record>
  <date>2019-12-17T15:25:31</date>
  <millis>1576576531309</millis>
  <sequence>15</sequence>
  <level>RUN_DATA</level>
  <class>com.kms.katalon.core.logging.XmlKeywordLogger</class>
  <method>logMessage</method>
  <thread>1</thread>
  <message>platform = Windows 10</message>
  <nestedLevel>1</nestedLevel>
  <property name="platform">Windows 10</property>
</record>
<record>
  <date>2019-12-17T15:25:31</date>
  <millis>1576576531310</millis>
  <sequence>16</sequence>
  <level>RUN_DATA</level>
  <class>com.kms.katalon.core.logging.XmlKeywordLogger</class>
  <method>logMessage</method>
  <thread>1</thread>
  <message>seleniumVersion = 3.141.59</message>
  <nestedLevel>1</nestedLevel>
  <property name="seleniumVersion">3.141.59</property>
</record>
<record>
  <date>2019-12-17T15:25:31</date>
  <millis>1576576531311</millis>
  <sequence>17</sequence>
  <level>RUN_DATA</level>
  <class>com.kms.katalon.core.logging.XmlKeywordLogger</class>
  <method>logMessage</method>
  <thread>1</thread>
  <message>proxyInformation = ProxyInformation{proxyOption=NO_PROXY, proxyServerType=HTTP, password=, proxyServerAddress=, proxyServerPort=0, executionList=}</message>
  <nestedLevel>1</nestedLevel>
  <property name="proxyInformation">ProxyInformation{proxyOption=NO_PROXY, proxyServerType=HTTP, password=, proxyServerAddress=, proxyServerPort=0, executionList=}</property>
</record>
<record>
  <date>2019-12-17T15:25:34</date>
  <millis>1576576534395</millis>
  <sequence>19</sequence>
  <level>PASSED</level>
  <class>com.kms.katalon.core.logging.XmlKeywordLogger</class>
  <method>logMessage</method>
  <thread>1</thread>
  <message>Browser is opened with url: &amp;apos;https://pxl-awe-dvt-mapweb-ui-teamo-ft.azurewebsites.net/&amp;apos;</message>
  <nestedLevel>1</nestedLevel>
</record>
<record>
  <date>2019-12-17T15:25:34</date>
  <millis>1576576534396</millis>
  <sequence>20</sequence>
  <level>END</level>
  <class>com.kms.katalon.core.logging.XmlKeywordLogger</class>
  <method>endKeyword</method>
  <thread>1</thread>
  <message>End action : openBrowser(\&amp;quot;https://pxl-awe-dvt-mapweb-ui-teamo-ft.azurewebsites.net/\&amp;quot;)</message>
  <nestedLevel>1</nestedLevel>
</record>
<record>
  <date>2019-12-17T15:25:34</date>
  <millis>1576576534397</millis>
  <sequence>21</sequence>
  <level>START</level>
  <class>com.kms.katalon.core.logging.XmlKeywordLogger</class>
  <method>startKeyword</method>
  <thread>1</thread>
  <message>Start action : navigateToUrl(\&amp;quot;https://pxl-awe-dvt-mapweb-ui-teamo-ft.azurewebsites.net/\&amp;quot;)</message>
  <nestedLevel>1</nestedLevel>
  <property name="startLine">21</property>
  <property name="stepIndex">2</property>
</record>
<record>
  <date>2019-12-17T15:25:35</date>
  <millis>1576576535478</millis>
  <sequence>24</sequence>
  <level>PASSED</level>
  <class>com.kms.katalon.core.logging.XmlKeywordLogger</class>
  <method>logMessage</method>
  <thread>1</thread>
  <message>Navigate to &amp;apos;https://pxl-awe-dvt-mapweb-ui-teamo-ft.azurewebsites.net/&amp;apos; successfully</message>
  <nestedLevel>1</nestedLevel>
</record>
<record>
  <date>2019-12-17T15:25:35</date>
  <millis>1576576535479</millis>
  <sequence>25</sequence>
  <level>END</level>
  <class>com.kms.katalon.core.logging.XmlKeywordLogger</class>
  <method>endKeyword</method>
  <thread>1</thread>
  <message>End action : navigateToUrl(\&amp;quot;https://pxl-awe-dvt-mapweb-ui-teamo-ft.azurewebsites.net/\&amp;quot;)</message>
  <nestedLevel>1</nestedLevel>
</record>
<record>
  <date>2019-12-17T15:25:35</date>
  <millis>1576576535479</millis>
  <sequence>26</sequence>
  <level>START</level>
  <class>com.kms.katalon.core.logging.XmlKeywordLogger</class>
  <method>startKeyword</method>
  <thread>1</thread>
  <message>Start action : click(findTestObject(\&amp;quot;Object Repository/MAPsLogin/Page_GTS-PAA/span_\&amp;quot;))</message>
  <nestedLevel>1</nestedLevel>
  <property name="startLine">23</property>
  <property name="stepIndex">3</property>
</record>
<record>
  <date>2019-12-17T15:25:35</date>
  <millis>1576576535481</millis>
  <sequence>27</sequence>
  <level>NOT_RUN</level>
  <class>com.kms.katalon.core.logging.XmlKeywordLogger</class>
  <method>logMessage</method>
  <thread>1</thread>
  <message>NOT_RUN: click(findTestObject(\&amp;quot;Object Repository/MAPsLogin/Page_GTS-PAA/span_\&amp;quot;))</message>
  <nestedLevel>1</nestedLevel>
</record>
<record>
  <date>2019-12-17T15:25:35</date>
  <millis>1576576535482</millis>
  <sequence>28</sequence>
  <level>END</level>
  <class>com.kms.katalon.core.logging.XmlKeywordLogger</class>
  <method>endKeyword</method>
  <thread>1</thread>
  <message>End action : click(findTestObject(\&amp;quot;Object Repository/MAPsLogin/Page_GTS-PAA/span_\&amp;quot;))</message>
  <nestedLevel>1</nestedLevel>
</record>
<record>
  <date>2019-12-17T15:25:35</date>
  <millis>1576576535482</millis>
  <sequence>29</sequence>
  <level>START</level>
  <class>com.kms.katalon.core.logging.XmlKeywordLogger</class>
  <method>startKeyword</method>
  <thread>1</thread>
  <message>Start action : click(findTestObject(\&amp;quot;Object Repository/MAPsLogin/Page_GTS-PAA/button_Corporate Log In\&amp;quot;))</message>
  <nestedLevel>1</nestedLevel>
  <property name="startLine">25</property>
  <property name="stepIndex">4</property>
</record>
<record>
  <date>2019-12-17T15:25:38</date>
  <millis>1576576538601</millis>
  <sequence>40</sequence>
  <level>PASSED</level>
  <class>com.kms.katalon.core.logging.XmlKeywordLogger</class>
  <method>logMessage</method>
  <thread>1</thread>
  <message>Object: &amp;apos;Object Repository/MAPsLogin/Page_GTS-PAA/button_Corporate Log In&amp;apos; is clicked on</message>
  <nestedLevel>1</nestedLevel>
</record>
<record>
  <date>2019-12-17T15:25:38</date>
  <millis>1576576538603</millis>
  <sequence>41</sequence>
  <level>END</level>
  <class>com.kms.katalon.core.logging.XmlKeywordLogger</class>
  <method>endKeyword</method>
  <thread>1</thread>
  <message>End action : click(findTestObject(\&amp;quot;Object Repository/MAPsLogin/Page_GTS-PAA/button_Corporate Log In\&amp;quot;))</message>
  <nestedLevel>1</nestedLevel>
</record>
<record>
  <date>2019-12-17T15:25:38</date>
  <millis>1576576538603</millis>
  <sequence>42</sequence>
  <level>START</level>
  <class>com.kms.katalon.core.logging.XmlKeywordLogger</class>
  <method>startKeyword</method>
  <thread>1</thread>
  <message>Start action : setText(findTestObject(\&amp;quot;Object Repository/MAPsLogin/Page_Sign in to your account/input_Sign in_loginfmt\&amp;quot;), \&amp;quot;venkateshwara.kayyala@parexelcloud.com\&amp;quot;)</message>
  <nestedLevel>1</nestedLevel>
  <property name="startLine">27</property>
  <property name="stepIndex">5</property>
</record>
<record>
  <date>2019-12-17T15:25:39</date>
  <millis>1576576539804</millis>
  <sequence>53</sequence>
  <level>PASSED</level>
  <class>com.kms.katalon.core.logging.XmlKeywordLogger</class>
  <method>logMessage</method>
  <thread>1</thread>
  <message>Text &amp;apos;venkateshwara.kayyala@parexelcloud.com&amp;apos; is set on object &amp;apos;Object Repository/MAPsLogin/Page_Sign in to your account/input_Sign in_loginfmt&amp;apos;</message>
  <nestedLevel>1</nestedLevel>
</record>
<record>
  <date>2019-12-17T15:25:39</date>
  <millis>1576576539805</millis>
  <sequence>54</sequence>
  <level>END</level>
  <class>com.kms.katalon.core.logging.XmlKeywordLogger</class>
  <method>endKeyword</method>
  <thread>1</thread>
  <message>End action : setText(findTestObject(\&amp;quot;Object Repository/MAPsLogin/Page_Sign in to your account/input_Sign in_loginfmt\&amp;quot;), \&amp;quot;venkateshwara.kayyala@parexelcloud.com\&amp;quot;)</message>
  <nestedLevel>1</nestedLevel>
</record>
<record>
  <date>2019-12-17T15:25:39</date>
  <millis>1576576539806</millis>
  <sequence>55</sequence>
  <level>START</level>
  <class>com.kms.katalon.core.logging.XmlKeywordLogger</class>
  <method>startKeyword</method>
  <thread>1</thread>
  <message>Start action : click(findTestObject(\&amp;quot;Object Repository/MAPsLogin/Page_Sign in to your account/input_Sign in_idSIButton9\&amp;quot;))</message>
  <nestedLevel>1</nestedLevel>
  <property name="startLine">29</property>
  <property name="stepIndex">6</property>
</record>
<record>
  <date>2019-12-17T15:25:40</date>
  <millis>1576576540449</millis>
  <sequence>66</sequence>
  <level>PASSED</level>
  <class>com.kms.katalon.core.logging.XmlKeywordLogger</class>
  <method>logMessage</method>
  <thread>1</thread>
  <message>Object: &amp;apos;Object Repository/MAPsLogin/Page_Sign in to your account/input_Sign in_idSIButton9&amp;apos; is clicked on</message>
  <nestedLevel>1</nestedLevel>
</record>
<record>
  <date>2019-12-17T15:25:40</date>
  <millis>1576576540450</millis>
  <sequence>67</sequence>
  <level>END</level>
  <class>com.kms.katalon.core.logging.XmlKeywordLogger</class>
  <method>endKeyword</method>
  <thread>1</thread>
  <message>End action : click(findTestObject(\&amp;quot;Object Repository/MAPsLogin/Page_Sign in to your account/input_Sign in_idSIButton9\&amp;quot;))</message>
  <nestedLevel>1</nestedLevel>
</record>
<record>
  <date>2019-12-17T15:25:40</date>
  <millis>1576576540450</millis>
  <sequence>68</sequence>
  <level>START</level>
  <class>com.kms.katalon.core.logging.XmlKeywordLogger</class>
  <method>startKeyword</method>
  <thread>1</thread>
  <message>Start action : setEncryptedText(findTestObject(\&amp;quot;Object Repository/MAPsLogin/Page_Sign in to your account/input_Enter password_passwd\&amp;quot;), \&amp;quot;ZPnMgbgKMNP0xCFbybRQBQ==\&amp;quot;)</message>
  <nestedLevel>1</nestedLevel>
  <property name="startLine">31</property>
  <property name="stepIndex">7</property>
</record>
<record>
  <date>2019-12-17T15:25:43</date>
  <millis>1576576543058</millis>
  <sequence>79</sequence>
  <level>PASSED</level>
  <class>com.kms.katalon.core.logging.XmlKeywordLogger</class>
  <method>logMessage</method>
  <thread>1</thread>
  <message>Text ****** has been set on object &amp;apos;Object Repository/MAPsLogin/Page_Sign in to your account/input_Enter password_passwd&amp;apos;</message>
  <nestedLevel>1</nestedLevel>
</record>
<record>
  <date>2019-12-17T15:25:43</date>
  <millis>1576576543059</millis>
  <sequence>80</sequence>
  <level>END</level>
  <class>com.kms.katalon.core.logging.XmlKeywordLogger</class>
  <method>endKeyword</method>
  <thread>1</thread>
  <message>End action : setEncryptedText(findTestObject(\&amp;quot;Object Repository/MAPsLogin/Page_Sign in to your account/input_Enter password_passwd\&amp;quot;), \&amp;quot;ZPnMgbgKMNP0xCFbybRQBQ==\&amp;quot;)</message>
  <nestedLevel>1</nestedLevel>
</record>
<record>
  <date>2019-12-17T15:25:43</date>
  <millis>1576576543060</millis>
  <sequence>81</sequence>
  <level>START</level>
  <class>com.kms.katalon.core.logging.XmlKeywordLogger</class>
  <method>startKeyword</method>
  <thread>1</thread>
  <message>Start action : click(findTestObject(\&amp;quot;Object Repository/MAPsLogin/Page_Sign in to your account/input_Sign in_idSIButton9\&amp;quot;))</message>
  <nestedLevel>1</nestedLevel>
  <property name="startLine">34</property>
  <property name="stepIndex">8</property>
</record>
<record>
  <date>2019-12-17T15:25:45</date>
  <millis>1576576545868</millis>
  <sequence>92</sequence>
  <level>PASSED</level>
  <class>com.kms.katalon.core.logging.XmlKeywordLogger</class>
  <method>logMessage</method>
  <thread>1</thread>
  <message>Object: &amp;apos;Object Repository/MAPsLogin/Page_Sign in to your account/input_Sign in_idSIButton9&amp;apos; is clicked on</message>
  <nestedLevel>1</nestedLevel>
</record>
<record>
  <date>2019-12-17T15:25:45</date>
  <millis>1576576545869</millis>
  <sequence>93</sequence>
  <level>END</level>
  <class>com.kms.katalon.core.logging.XmlKeywordLogger</class>
  <method>endKeyword</method>
  <thread>1</thread>
  <message>End action : click(findTestObject(\&amp;quot;Object Repository/MAPsLogin/Page_Sign in to your account/input_Sign in_idSIButton9\&amp;quot;))</message>
  <nestedLevel>1</nestedLevel>
</record>
<record>
  <date>2019-12-17T15:25:45</date>
  <millis>1576576545870</millis>
  <sequence>94</sequence>
  <level>START</level>
  <class>com.kms.katalon.core.logging.XmlKeywordLogger</class>
  <method>startKeyword</method>
  <thread>1</thread>
  <message>Start action : click(findTestObject(\&amp;quot;Object Repository/MAPsLogin/Page_Sign in to your account/input_Do this to reduce the number of times_edee07\&amp;quot;))</message>
  <nestedLevel>1</nestedLevel>
  <property name="startLine">36</property>
  <property name="stepIndex">9</property>
</record>
<record>
  <date>2019-12-17T15:25:46</date>
  <millis>1576576546797</millis>
  <sequence>105</sequence>
  <level>PASSED</level>
  <class>com.kms.katalon.core.logging.XmlKeywordLogger</class>
  <method>logMessage</method>
  <thread>1</thread>
  <message>Object: &amp;apos;Object Repository/MAPsLogin/Page_Sign in to your account/input_Do this to reduce the number of times_edee07&amp;apos; is clicked on</message>
  <nestedLevel>1</nestedLevel>
</record>
<record>
  <date>2019-12-17T15:25:46</date>
  <millis>1576576546798</millis>
  <sequence>106</sequence>
  <level>END</level>
  <class>com.kms.katalon.core.logging.XmlKeywordLogger</class>
  <method>endKeyword</method>
  <thread>1</thread>
  <message>End action : click(findTestObject(\&amp;quot;Object Repository/MAPsLogin/Page_Sign in to your account/input_Do this to reduce the number of times_edee07\&amp;quot;))</message>
  <nestedLevel>1</nestedLevel>
</record>
<record>
  <date>2019-12-17T15:25:46</date>
  <millis>1576576546798</millis>
  <sequence>107</sequence>
  <level>START</level>
  <class>com.kms.katalon.core.logging.XmlKeywordLogger</class>
  <method>startKeyword</method>
  <thread>1</thread>
  <message>Start action : click(findTestObject(\&amp;quot;Object Repository/MAPsLogin/Page_Sign in to your account/input_Sign in_idSIButton9\&amp;quot;))</message>
  <nestedLevel>1</nestedLevel>
  <property name="startLine">38</property>
  <property name="stepIndex">10</property>
</record>
<record>
  <date>2019-12-17T15:25:49</date>
  <millis>1576576549053</millis>
  <sequence>118</sequence>
  <level>PASSED</level>
  <class>com.kms.katalon.core.logging.XmlKeywordLogger</class>
  <method>logMessage</method>
  <thread>1</thread>
  <message>Object: &amp;apos;Object Repository/MAPsLogin/Page_Sign in to your account/input_Sign in_idSIButton9&amp;apos; is clicked on</message>
  <nestedLevel>1</nestedLevel>
</record>
<record>
  <date>2019-12-17T15:25:49</date>
  <millis>1576576549054</millis>
  <sequence>119</sequence>
  <level>END</level>
  <class>com.kms.katalon.core.logging.XmlKeywordLogger</class>
  <method>endKeyword</method>
  <thread>1</thread>
  <message>End action : click(findTestObject(\&amp;quot;Object Repository/MAPsLogin/Page_Sign in to your account/input_Sign in_idSIButton9\&amp;quot;))</message>
  <nestedLevel>1</nestedLevel>
</record>
<record>
  <date>2019-12-17T15:25:49</date>
  <millis>1576576549054</millis>
  <sequence>120</sequence>
  <level>START</level>
  <class>com.kms.katalon.core.logging.XmlKeywordLogger</class>
  <method>startKeyword</method>
  <thread>1</thread>
  <message>Start action : click(findTestObject(\&amp;quot;Object Repository/MAPsLogin/Page_GTS - PAA - Dashboard/button_Got it\&amp;quot;))</message>
  <nestedLevel>1</nestedLevel>
  <property name="startLine">40</property>
  <property name="stepIndex">11</property>
</record>
<record>
  <date>2019-12-17T15:25:53</date>
  <millis>1576576553108</millis>
  <sequence>131</sequence>
  <level>PASSED</level>
  <class>com.kms.katalon.core.logging.XmlKeywordLogger</class>
  <method>logMessage</method>
  <thread>1</thread>
  <message>Object: &amp;apos;Object Repository/MAPsLogin/Page_GTS - PAA - Dashboard/button_Got it&amp;apos; is clicked on</message>
  <nestedLevel>1</nestedLevel>
</record>
<record>
  <date>2019-12-17T15:25:53</date>
  <millis>1576576553109</millis>
  <sequence>132</sequence>
  <level>END</level>
  <class>com.kms.katalon.core.logging.XmlKeywordLogger</class>
  <method>endKeyword</method>
  <thread>1</thread>
  <message>End action : click(findTestObject(\&amp;quot;Object Repository/MAPsLogin/Page_GTS - PAA - Dashboard/button_Got it\&amp;quot;))</message>
  <nestedLevel>1</nestedLevel>
</record>
<record>
  <date>2019-12-17T15:25:53</date>
  <millis>1576576553109</millis>
  <sequence>133</sequence>
  <level>START</level>
  <class>com.kms.katalon.core.logging.XmlKeywordLogger</class>
  <method>startKeyword</method>
  <thread>1</thread>
  <message>Start action : verifyElementPresent(findTestObject(\&amp;quot;MAPsLogin/Page_GTS - PAA - Dashboard/span_Dashboard\&amp;quot;), 0)</message>
  <nestedLevel>1</nestedLevel>
  <property name="startLine">42</property>
  <property name="stepIndex">12</property>
</record>
<record>
  <date>2019-12-17T15:25:53</date>
  <millis>1576576553158</millis>
  <sequence>138</sequence>
  <level>WARNING</level>
  <class>com.kms.katalon.core.logging.XmlKeywordLogger</class>
  <method>logMessage</method>
  <thread>1</thread>
  <message>Timeout &amp;apos;0&amp;apos; is invalid. Using default page load timeout: &amp;apos;30&amp;apos;</message>
  <nestedLevel>1</nestedLevel>
</record>
<record>
  <date>2019-12-17T15:25:53</date>
  <millis>1576576553581</millis>
  <sequence>142</sequence>
  <level>PASSED</level>
  <class>com.kms.katalon.core.logging.XmlKeywordLogger</class>
  <method>logMessage</method>
  <thread>1</thread>
  <message>Object &amp;apos;Object Repository/MAPsLogin/Page_GTS - PAA - Dashboard/span_Dashboard&amp;apos; is present</message>
  <nestedLevel>1</nestedLevel>
</record>
<record>
  <date>2019-12-17T15:25:53</date>
  <millis>1576576553582</millis>
  <sequence>143</sequence>
  <level>END</level>
  <class>com.kms.katalon.core.logging.XmlKeywordLogger</class>
  <method>endKeyword</method>
  <thread>1</thread>
  <message>End action : verifyElementPresent(findTestObject(\&amp;quot;MAPsLogin/Page_GTS - PAA - Dashboard/span_Dashboard\&amp;quot;), 0)</message>
  <nestedLevel>1</nestedLevel>
</record>
<record>
  <date>2019-12-17T15:25:53</date>
  <millis>1576576553582</millis>
  <sequence>144</sequence>
  <level>START</level>
  <class>com.kms.katalon.core.logging.XmlKeywordLogger</class>
  <method>startKeyword</method>
  <thread>1</thread>
  <message>Start action : closeBrowser()</message>
  <nestedLevel>1</nestedLevel>
  <property name="startLine">44</property>
  <property name="stepIndex">13</property>
</record>
<record>
  <date>2019-12-17T15:25:55</date>
  <millis>1576576555041</millis>
  <sequence>146</sequence>
  <level>PASSED</level>
  <class>com.kms.katalon.core.logging.XmlKeywordLogger</class>
  <method>logMessage</method>
  <thread>1</thread>
  <message>Browser is closed</message>
  <nestedLevel>1</nestedLevel>
</record>
<record>
  <date>2019-12-17T15:25:55</date>
  <millis>1576576555042</millis>
  <sequence>147</sequence>
  <level>END</level>
  <class>com.kms.katalon.core.logging.XmlKeywordLogger</class>
  <method>endKeyword</method>
  <thread>1</thread>
  <message>End action : closeBrowser()</message>
  <nestedLevel>1</nestedLevel>
</record>
<record>
  <date>2019-12-17T15:25:55</date>
  <millis>1576576555043</millis>
  <sequence>148</sequence>
  <level>PASSED</level>
  <class>com.kms.katalon.core.logging.XmlKeywordLogger</class>
  <method>logMessage</method>
  <thread>1</thread>
  <message>Test Cases/MAPs/LogIn</message>
  <nestedLevel>1</nestedLevel>
</record>
<record>
  <date>2019-12-17T15:25:55</date>
  <millis>1576576555043</millis>
  <sequence>149</sequence>
  <level>END</level>
  <class>com.kms.katalon.core.logging.XmlKeywordLogger</class>
  <method>endTest</method>
  <thread>1</thread>
  <message>End Test Case : Test Cases/MAPs/LogIn</message>
  <nestedLevel>0</nestedLevel>
</record>
<record>
  <date>2019-12-17T15:25:55</date>
  <millis>1576576555047</millis>
  <sequence>150</sequence>
  <level>START</level>
  <class>com.kms.katalon.core.logging.XmlKeywordLogger</class>
  <method>startKeyword</method>
  <thread>1</thread>
  <message>Start listener action : exportKatalonReports</message>
  <nestedLevel>0</nestedLevel>
</record>
<record>
  <date>2019-12-17T15:25:55</date>
  <millis>1576576555220</millis>
  <sequence>264</sequence>
  <level>INFO</level>
  <class>com.kms.katalon.core.logging.XmlKeywordLogger</class>
  <method>logMessage</method>
  <thread>1</thread>
  <message>Start generating HTML report folder at: C:\\Users\\KayyalV\\git\\KatalonStudioPOC\\KatalonStudioPOC\\Reports\\20191217_152523\\Login\\LoginChrome\\20191217_152523...</message>
  <nestedLevel>0</nestedLevel>
</record>
<record>
  <date>2019-12-17T15:25:55</date>
  <millis>1576576555523</millis>
  <sequence>265</sequence>
  <level>INFO</level>
  <class>com.kms.katalon.core.logging.XmlKeywordLogger</class>
  <method>logMessage</method>
  <thread>1</thread>
  <message>HTML report generated</message>
  <nestedLevel>0</nestedLevel>
</record>
<record>
  <date>2019-12-17T15:25:55</date>
  <millis>1576576555527</millis>
  <sequence>266</sequence>
  <level>INFO</level>
  <class>com.kms.katalon.core.logging.XmlKeywordLogger</class>
  <method>logMessage</method>
  <thread>1</thread>
  <message>Start generating CSV report folder at: C:\\Users\\KayyalV\\git\\KatalonStudioPOC\\KatalonStudioPOC\\Reports\\20191217_152523\\Login\\LoginChrome\\20191217_152523...</message>
  <nestedLevel>0</nestedLevel>
</record>
<record>
  <date>2019-12-17T15:25:55</date>
  <millis>1576576555583</millis>
  <sequence>267</sequence>
  <level>INFO</level>
  <class>com.kms.katalon.core.logging.XmlKeywordLogger</class>
  <method>logMessage</method>
  <thread>1</thread>
  <message>CSV report generated</message>
  <nestedLevel>0</nestedLevel>
</record>
<record>
  <date>2019-12-17T15:25:55</date>
  <millis>1576576555583</millis>
  <sequence>269</sequence>
  <level>END</level>
  <class>com.kms.katalon.core.logging.XmlKeywordLogger</class>
  <method>endKeyword</method>
  <thread>1</thread>
  <message>End listener action : exportKatalonReports</message>
  <nestedLevel>0</nestedLevel>
</record>
<record>
  <date>2019-12-17T15:25:55</date>
  <millis>1576576555645</millis>
  <sequence>270</sequence>
  <level>END</level>
  <class>com.kms.katalon.core.logging.XmlKeywordLogger</class>
  <method>endSuite</method>
  <thread>1</thread>
  <message>End Test Suite : Test Suites/Login/LoginChrome</message>
  <nestedLevel>0</nestedLevel>
</record>
</log>